<?xml version="1.0" encoding="UTF-8"?>
<testsuite name="test.AuthTest" tests="5" skipped="0" failures="0" errors="0" timestamp="2024-06-29T10:09:23" hostname="LAPTOP-DVIS9T4E" time="5.593">
  <properties/>
  <testcase name="shouldSuccessfulRegistration()" classname="test.AuthTest" time="3.436"/>
  <testcase name="shouldReturnIfInvalidLogin()" classname="test.AuthTest" time="0.56"/>
  <testcase name="shouldReturnIfInvalidPassword()" classname="test.AuthTest" time="0.542"/>
  <testcase name="shouldUnsuccessfulRegistration()" classname="test.AuthTest" time="0.527"/>
  <testcase name="shouldGetReturnIfRegistrationUser()" classname="test.AuthTest" time="0.527"/>
  <system-out><![CDATA[Request method:	POST
Request URI:	http://localhost:9999/api/system/users
Proxy:			<none>
Request params:	<none>
Query params:	<none>
Form params:	<none>
Path params:	<none>
Headers:		Accept=application/json, application/javascript, text/javascript, text/json
				Content-Type=application/json; charset=UTF-8
Cookies:		<none>
Multiparts:		<none>
Body:
{
    "login": "benton.osinski",
    "password": "zn2og1rnsn",
    "status": "active"
}
Request method:	POST
Request URI:	http://localhost:9999/api/system/users
Proxy:			<none>
Request params:	<none>
Query params:	<none>
Form params:	<none>
Path params:	<none>
Headers:		Accept=application/json, application/javascript, text/javascript, text/json
				Content-Type=application/json; charset=UTF-8
Cookies:		<none>
Multiparts:		<none>
Body:
{
    "login": "magali.fadel",
    "password": "skrq3xw4j",
    "status": "active"
}
Request method:	POST
Request URI:	http://localhost:9999/api/system/users
Proxy:			<none>
Request params:	<none>
Query params:	<none>
Form params:	<none>
Path params:	<none>
Headers:		Accept=application/json, application/javascript, text/javascript, text/json
				Content-Type=application/json; charset=UTF-8
Cookies:		<none>
Multiparts:		<none>
Body:
{
    "login": "marquitta.dubuque",
    "password": "wy8dr3f9k",
    "status": "active"
}
Request method:	POST
Request URI:	http://localhost:9999/api/system/users
Proxy:			<none>
Request params:	<none>
Query params:	<none>
Form params:	<none>
Path params:	<none>
Headers:		Accept=application/json, application/javascript, text/javascript, text/json
				Content-Type=application/json; charset=UTF-8
Cookies:		<none>
Multiparts:		<none>
Body:
{
    "login": "ferdinand.nader",
    "password": "wonzjz3by",
    "status": "blocked"
}
]]></system-out>
  <system-err><![CDATA[[Test worker] INFO com.codeborne.selenide.impl.WebDriverThreadLocalContainer - No webdriver is bound to current thread: 14 - let's create a new webdriver
[Test worker] INFO com.codeborne.selenide.impl.FileHelper - Creating folder: C:\Users\nasty\patterntask2\build\downloads\1719655763914_18168_14
[Test worker] INFO com.codeborne.selenide.webdriver.SelenideNettyClientFactory - Changed readTimeout from PT3M to PT1M30S
[Test worker] INFO com.codeborne.selenide.webdriver.SelenideNettyClientFactory - Changed readTimeout from PT3M to PT1M30S
июн. 29, 2024 1:09:25 PM org.openqa.selenium.devtools.CdpVersionFinder findNearestMatch
WARNING: Unable to find CDP implementation matching 126
июн. 29, 2024 1:09:25 PM org.openqa.selenium.chromium.ChromiumDriver lambda$new$5
WARNING: Unable to find version of CDP to use for 126.0.6478.127. You may need to include a dependency on a specific version of the CDP using something similar to `org.seleniumhq.selenium:selenium-devtools-v86:4.11.0` where the version ("v86") matches the version of the chromium-based browser you're using and the version number of the artifact is the same as Selenium's.
[Test worker] INFO com.codeborne.selenide.webdriver.WebDriverFactory - BrowserName=chrome Version=126.0.6478.127 Platform=windows
[Test worker] INFO com.codeborne.selenide.webdriver.WebDriverFactory - Selenide v. 6.17.2
[Test worker] INFO com.codeborne.selenide.webdriver.WebDriverFactory - Selenium WebDriver v. 4.11.0 build revision: 040bc5406b
[Test worker] INFO com.codeborne.selenide.drivercommands.CreateDriverCommand - Created webdriver in thread 14: ChromeDriver -> ChromeDriver: chrome on windows (7f5822c60bcf05583aaba073dd31177e)
[Test worker] INFO com.codeborne.selenide.drivercommands.DisposablesRegistry - Register WebDriverInstance[config=StaticConfig,webDriver=ChromeDriver: chrome on windows (7f5822c60bcf05583aaba073dd31177e),proxy=null,downloadsFolder=C:\Users\nasty\patterntask2\build\downloads\1719655763914_18168_14] in 14 [size=1]
[Test worker] INFO com.codeborne.selenide.drivercommands.DisposablesRegistry - Add shutdown hook in 14 [size=1]
]]></system-err>
</testsuite>
